ERROR: HW#10_task1.py: 2021-07-26 18:12:30,221 - Invalid input
INFO: HW#10_task1.py: 2021-07-26 18:12:42,855 - func divide()
ERROR: HW#10_task1.py: 2021-07-26 18:12:42,856 - ZeroDivisionError
INFO: HW#10_task1.py: 2021-07-26 18:12:55,569 - func pow_()
INFO: HW#10_task1.py: 2021-07-26 18:13:17,437 - func root()
INFO: HW#10_task1.py: 2021-07-26 18:13:34,998 - func exit()
INFO: HW#10_task1.py: 2021-07-27 15:51:29,544 - func root()
INFO: HW#10_task1.py: 2021-07-27 15:52:05,051 - func root()
INFO: HW#10_task1.py: 2021-07-27 15:52:17,018 - func root()
INFO: HW#10_task1.py: 2021-07-27 15:55:22,898 - func root()
INFO: HW#10_task1.py: 2021-07-27 15:55:54,761 - func root()
INFO: HW#10_task1.py: 2021-07-27 15:56:02,836 - func root()
INFO: HW#10_task1.py: 2021-07-27 16:24:46,464 - func root()
ERROR: HW#10_task1.py: 2021-07-27 16:27:32,738 - NegativeDegreeError
ERROR: HW#10_task1.py: 2021-07-27 16:27:37,724 - Invalid input
INFO: HW#10_task1.py: 2021-07-27 16:27:43,406 - func root()
ERROR: HW#10_task1.py: 2021-07-27 16:27:43,407 - ZeroDivisionError
INFO: HW#10_task1.py: 2021-07-27 16:28:58,326 - func root()
ERROR: HW#10_task1.py: 2021-07-27 16:33:06,296 - Invalid input
ERROR: HW#10_task1.py: 2021-07-27 16:33:16,887 - NegativeDegreeError
INFO: HW#10_task1.py: 2021-07-27 16:33:23,948 - func root()
ERROR: HW#10_task1.py: 2021-07-27 16:33:47,987 - ZeroDivisionError
INFO: HW#10_task1.py: 2021-07-27 16:33:52,747 - func exit()
ERROR: HW#10_task1.py: 2021-07-27 17:45:46,123 - Invalid input
INFO: HW#10_task1.py: 2021-07-27 17:45:47,139 - func exit()
ERROR: HW#10_task1.py: 2021-07-29 22:48:35,477 - NegativeNumberError
ERROR: HW#10_task1.py: 2021-07-29 22:49:18,244 - NegativeNumberError
ERROR: HW#10_task1.py: 2021-07-29 22:50:11,893 - NegativeNumberError
INFO: HW#10_task1.py: 2021-08-02 17:46:23,899 - func add()
INFO: HW#10_task1.py: 2021-08-02 17:46:31,427 - func substract()
ERROR: HW#10_task1.py: 2021-08-02 17:46:34,169 - Invalid input
INFO: HW#10_task1.py: 2021-08-02 17:46:43,923 - func multiply()
ERROR: HW#10_task1.py: 2021-08-02 17:46:46,955 - Invalid input
ERROR: HW#10_task1.py: 2021-08-02 17:46:52,566 - ZeroDivisionError
INFO: HW#10_task1.py: 2021-08-02 17:46:59,799 - func pow_()
ERROR: HW#10_task1.py: 2021-08-02 17:47:41,415 - NegativeNumberError
INFO: HW#10_task1.py: 2021-08-02 17:47:47,547 - func root()
ERROR: HW#10_task1.py: 2021-08-02 17:47:47,548 - ZeroDivisionError
INFO: HW#10_task1.py: 2021-08-02 17:47:54,606 - func root()
INFO: HW#10_task1.py: 2021-08-02 17:48:49,096 - func root()
ERROR: HW#10_task1.py: 2021-08-02 17:48:53,328 - Invalid input
INFO: HW#10_task1.py: 2021-08-02 17:49:10,337 - func root()
INFO: HW#10_task1.py: 2021-08-02 17:49:15,151 - func exit()
